<?xml version="1.0" encoding="UTF-8"?>
<testng-results ignored="0" total="3" passed="3" failed="0" skipped="0">
  <reporter-output>
  </reporter-output>
  <suite started-at="2022-06-11T19:15:23Z" name="LambaTestSuite" finished-at="2022-06-11T19:16:12Z" duration-ms="49530">
    <groups>
    </groups>
    <test started-at="2022-06-11T19:15:23Z" name="TestScenario2" finished-at="2022-06-11T19:15:43Z" duration-ms="20484">
      <class name="com.lambdatest.TestScenario2">
        <test-method is-config="true" signature="setup(java.lang.reflect.Method, org.testng.ITestContext)[pri:0, instance:com.lambdatest.TestScenario2@233fe9b6]" started-at="2022-06-11T19:15:23Z" name="setup" finished-at="2022-06-11T19:15:31Z" duration-ms="8523" status="PASS">
          <params>
            <param index="0">
              <value>
                <![CDATA[public void com.lambdatest.TestScenario2.testScenario2() throws java.lang.InterruptedException]]>
              </value>
            </param>
            <param index="1">
              <value>
                <![CDATA[org.testng.TestRunner@34b7ac2f]]>
              </value>
            </param>
          </params>
          <reporter-output>
          </reporter-output>
        </test-method> <!-- setup -->
        <test-method signature="testScenario2()[pri:0, instance:com.lambdatest.TestScenario2@233fe9b6]" started-at="2022-06-11T19:15:31Z" name="testScenario2" finished-at="2022-06-11T19:15:41Z" duration-ms="9723" status="PASS">
          <reporter-output>
          </reporter-output>
        </test-method> <!-- testScenario2 -->
        <test-method is-config="true" signature="tearDown()[pri:0, instance:com.lambdatest.TestScenario2@233fe9b6]" started-at="2022-06-11T19:15:41Z" name="tearDown" finished-at="2022-06-11T19:15:43Z" duration-ms="2206" status="PASS">
          <reporter-output>
          </reporter-output>
        </test-method> <!-- tearDown -->
      </class> <!-- com.lambdatest.TestScenario2 -->
    </test> <!-- TestScenario2 -->
    <test started-at="2022-06-11T19:15:23Z" name="TestScenario1" finished-at="2022-06-11T19:15:47Z" duration-ms="24089">
      <class name="com.lambdatest.TestScenario1">
        <test-method is-config="true" signature="setup(java.lang.reflect.Method, org.testng.ITestContext)[pri:0, instance:com.lambdatest.TestScenario1@6e75aa0d]" started-at="2022-06-11T19:15:23Z" name="setup" finished-at="2022-06-11T19:15:33Z" duration-ms="10208" status="PASS">
          <params>
            <param index="0">
              <value>
                <![CDATA[public void com.lambdatest.TestScenario1.testScenario() throws java.lang.InterruptedException]]>
              </value>
            </param>
            <param index="1">
              <value>
                <![CDATA[org.testng.TestRunner@e056f20]]>
              </value>
            </param>
          </params>
          <reporter-output>
          </reporter-output>
        </test-method> <!-- setup -->
        <test-method signature="testScenario()[pri:0, instance:com.lambdatest.TestScenario1@6e75aa0d]" started-at="2022-06-11T19:15:33Z" name="testScenario" finished-at="2022-06-11T19:15:45Z" duration-ms="11714" status="PASS">
          <reporter-output>
          </reporter-output>
        </test-method> <!-- testScenario -->
        <test-method is-config="true" signature="tearDown()[pri:0, instance:com.lambdatest.TestScenario1@6e75aa0d]" started-at="2022-06-11T19:15:45Z" name="tearDown" finished-at="2022-06-11T19:15:47Z" duration-ms="2137" status="PASS">
          <reporter-output>
          </reporter-output>
        </test-method> <!-- tearDown -->
      </class> <!-- com.lambdatest.TestScenario1 -->
    </test> <!-- TestScenario1 -->
    <test started-at="2022-06-11T19:15:23Z" name="TestScenario3" finished-at="2022-06-11T19:16:12Z" duration-ms="49530">
      <class name="com.lambdatest.TestScenario3">
        <test-method is-config="true" signature="setup(java.lang.reflect.Method, org.testng.ITestContext)[pri:0, instance:com.lambdatest.TestScenario3@3901d134]" started-at="2022-06-11T19:15:23Z" name="setup" finished-at="2022-06-11T19:15:58Z" duration-ms="34881" status="PASS">
          <params>
            <param index="0">
              <value>
                <![CDATA[public void com.lambdatest.TestScenario3.testScenario3() throws java.lang.InterruptedException]]>
              </value>
            </param>
            <param index="1">
              <value>
                <![CDATA[org.testng.TestRunner@4b0b0854]]>
              </value>
            </param>
          </params>
          <reporter-output>
          </reporter-output>
        </test-method> <!-- setup -->
        <test-method signature="testScenario3()[pri:0, instance:com.lambdatest.TestScenario3@3901d134]" started-at="2022-06-11T19:15:58Z" name="testScenario3" finished-at="2022-06-11T19:16:11Z" duration-ms="13186" status="PASS">
          <reporter-output>
          </reporter-output>
        </test-method> <!-- testScenario3 -->
        <test-method is-config="true" signature="tearDown()[pri:0, instance:com.lambdatest.TestScenario3@3901d134]" started-at="2022-06-11T19:16:11Z" name="tearDown" finished-at="2022-06-11T19:16:12Z" duration-ms="1432" status="PASS">
          <reporter-output>
          </reporter-output>
        </test-method> <!-- tearDown -->
      </class> <!-- com.lambdatest.TestScenario3 -->
    </test> <!-- TestScenario3 -->
  </suite> <!-- LambaTestSuite -->
</testng-results>
